<?xml version="1.0" encoding="UTF-8"?>
<!-- Generated by org.testng.reporters.JUnitXMLReporter -->
<testsuite ignored="2" hostname="DESKTOP-LLLGMOJ" failures="0" tests="1" name="Default test" time="0.122" errors="0" timestamp="2024-10-25T22:09:15 IST">
  <testcase classname="day1.jsonpractice.Example1" name="testStringIntoJSONObject" time="0.033"/>
  <testcase classname="day1.jsonpractice.Example1" name="testMapIntoJsonObject" time="0.0">
    <ignored/>
  </testcase> <!-- testMapIntoJsonObject -->
  <testcase classname="day1.jsonpractice.Example1" name="testJsonObject" time="0.0">
    <ignored/>
  </testcase> <!-- testJsonObject -->
</testsuite> <!-- Default test -->
