<?xml version="1.0" encoding="UTF-8"?>
<testng-results ignored="0" total="1" passed="1" failed="0" skipped="0">
  <reporter-output>
  </reporter-output>
  <suite started-at="2024-10-27T17:44:21 IST" name="Default suite" finished-at="2024-10-27T17:44:25 IST" duration-ms="3964">
    <groups>
    </groups>
    <test started-at="2024-10-27T17:44:21 IST" name="Default test" finished-at="2024-10-27T17:44:25 IST" duration-ms="3964">
      <class name="day3.apitesting.Example1">
        <test-method signature="testUserCreation()[pri:0, instance:day3.apitesting.Example1@c03cf28]" started-at="2024-10-27T17:44:21 IST" name="testUserCreation" finished-at="2024-10-27T17:44:25 IST" duration-ms="3862" status="PASS">
          <reporter-output>
          </reporter-output>
        </test-method> <!-- testUserCreation -->
      </class> <!-- day3.apitesting.Example1 -->
    </test> <!-- Default test -->
  </suite> <!-- Default suite -->
</testng-results>
