<?xml version="1.0" encoding="UTF-8"?>
<testng-results ignored="0" total="1" passed="1" failed="0" skipped="0">
  <reporter-output>
  </reporter-output>
  <suite started-at="2024-10-25T22:09:15 IST" name="Default suite" finished-at="2024-10-25T22:09:15 IST" duration-ms="122">
    <groups>
    </groups>
    <test started-at="2024-10-25T22:09:15 IST" name="Default test" finished-at="2024-10-25T22:09:15 IST" duration-ms="122">
      <class name="day1.jsonpractice.Example1">
        <test-method signature="testStringIntoJSONObject()[pri:0, instance:day1.jsonpractice.Example1@1fb700ee]" started-at="2024-10-25T22:09:15 IST" name="testStringIntoJSONObject" finished-at="2024-10-25T22:09:15 IST" duration-ms="33" status="PASS">
          <reporter-output>
          </reporter-output>
        </test-method> <!-- testStringIntoJSONObject -->
      </class> <!-- day1.jsonpractice.Example1 -->
    </test> <!-- Default test -->
  </suite> <!-- Default suite -->
</testng-results>
